Arguments: 
  /usr/local/bin/node /usr/local/bin/yarn install

PATH: 
  /usr/bin:/bin:/usr/sbin:/sbin:/usr/local/bin:/usr/local/go/bin:/Users/manh/Library/Android/sdk/platform-tools:/Users/manh/Library/Android/sdk/build-tools/26.0.0

Yarn version: 
  0.24.5

Node version: 
  6.11.0

Platform: 
  darwin x64

npm manifest: 
  {
    "name": "node-typescript-postgres-skeleton",
    "version": "1.0.0",
    "description": "Skeleton express server - typescript 2",
    "main": "index.js",
    "scripts": {
      "test": "echo \"Error: no test specified\" && exit 1",
      "start": "node dist/index.js"
    },
    "keywords": [
      "typescript",
      "nodejs",
      "express"
    ],
    "author": "eye-solution",
    "license": "ISC",
    "devDependencies": {
      "@types/body-parser": "^1.16.3",
      "@types/debug": "0.0.29",
      "@types/express": "^4.0.35",
      "@types/morgan": "^1.7.32",
      "@types/node": "^7.0.16",
      "@types/sequelize": "^4.0.52",
      "gulp": "^3.9.1",
      "gulp-clean": "^0.3.2",
      "gulp-sourcemaps": "^2.6.0",
      "gulp-typescript": "^3.1.6",
      "typescript": "^2.4.1"
    },
    "dependencies": {
      "app-module-path": "^2.2.0",
      "body-parser": "^1.17.1",
      "cookie-parser": "^1.4.3",
      "debug": "^2.6.6",
      "express": "^4.15.2",
      "express-session": "^1.15.3",
      "firebase-admin": "^5.0.0",
      "gelf": "^1.0.3",
      "jsonwebtoken": "^7.4.0",
      "morgan": "^1.8.1",
      "multer": "^1.3.0",
      "nodemailer": "^4.0.1",
      "pg": "^6.4.0",
      "pg-hstore": "^2.3.2",
      "request": "^2.81.0",
      "sequelize": "^4.2.0",
      "sharp": "^0.18.1",
      "socket.io": "^2.0.1",
      "source-map-support": "^0.4.15"
    }
  }

yarn manifest: 
  No manifest

Lockfile: 
  No lockfile

Trace: 
  Error: https://registry.yarnpkg.com/@types/validator/-/validator-6.2.2.tgz: Request failed "503 Service Unavailable"
      at Request.handleRequestError (/usr/local/lib/node_modules/yarn/lib/fetchers/tarball-fetcher.js:200:20)
      at emitOne (events.js:96:13)
      at Request.emit (events.js:188:7)
      at Request.onRequestResponse (/usr/local/lib/node_modules/yarn/node_modules/request/request.js:1074:10)
      at emitOne (events.js:96:13)
      at ClientRequest.emit (events.js:188:7)
      at HTTPParser.parserOnIncomingClient (_http_client.js:473:21)
      at HTTPParser.parserOnHeadersComplete (_http_common.js:99:23)
      at TLSSocket.socketOnData (_http_client.js:362:20)
      at emitOne (events.js:96:13)
      at TLSSocket.emit (events.js:188:7)
